[2019-11-11 22:38:03] local.ERROR: Class 'App\Databse' not found {"exception":"[object] (Symfony\\Component\\Debug\\Exception\\FatalThrowableError(code: 0): Class 'App\\Databse' not found at C:\\xampp\\htdocs\\ProjetoBudega\\projetoBudega\\vendor\\laravel\\framework\\src\\Illuminate\\Database\\Eloquent\\FactoryBuilder.php:228)
[stacktrace]
#0 C:\\xampp\\htdocs\\ProjetoBudega\\projetoBudega\\vendor\\laravel\\framework\\src\\Illuminate\\Database\\Eloquent\\FactoryBuilder.php(178): Illuminate\\Database\\Eloquent\\FactoryBuilder->make(Array)
#1 C:\\xampp\\htdocs\\ProjetoBudega\\projetoBudega\\database\\seeds\\DatabaseSeeder.php(13): Illuminate\\Database\\Eloquent\\FactoryBuilder->create()
#2 [internal function]: DatabaseSeeder->run()
#3 C:\\xampp\\htdocs\\ProjetoBudega\\projetoBudega\\vendor\\laravel\\framework\\src\\Illuminate\\Container\\BoundMethod.php(32): call_user_func_array(Array, Array)
#4 C:\\xampp\\htdocs\\ProjetoBudega\\projetoBudega\\vendor\\laravel\\framework\\src\\Illuminate\\Support\\helpers.php(520): Illuminate\\Container\\BoundMethod::Illuminate\\Container\\{closure}()
#5 C:\\xampp\\htdocs\\ProjetoBudega\\projetoBudega\\vendor\\laravel\\framework\\src\\Illuminate\\Container\\BoundMethod.php(90): value(Object(Closure))
#6 C:\\xampp\\htdocs\\ProjetoBudega\\projetoBudega\\vendor\\laravel\\framework\\src\\Illuminate\\Container\\BoundMethod.php(34): Illuminate\\Container\\BoundMethod::callBoundMethod(Object(Illuminate\\Foundation\\Application), Array, Object(Closure))
#7 C:\\xampp\\htdocs\\ProjetoBudega\\projetoBudega\\vendor\\laravel\\framework\\src\\Illuminate\\Container\\Container.php(591): Illuminate\\Container\\BoundMethod::call(Object(Illuminate\\Foundation\\Application), Array, Array, NULL)
#8 C:\\xampp\\htdocs\\ProjetoBudega\\projetoBudega\\vendor\\laravel\\framework\\src\\Illuminate\\Database\\Seeder.php(134): Illuminate\\Container\\Container->call(Array)
#9 C:\\xampp\\htdocs\\ProjetoBudega\\projetoBudega\\vendor\\laravel\\framework\\src\\Illuminate\\Database\\Console\\Seeds\\SeedCommand.php(63): Illuminate\\Database\\Seeder->__invoke()
#10 C:\\xampp\\htdocs\\ProjetoBudega\\projetoBudega\\vendor\\laravel\\framework\\src\\Illuminate\\Database\\Eloquent\\Concerns\\GuardsAttributes.php(122): Illuminate\\Database\\Console\\Seeds\\SeedCommand->Illuminate\\Database\\Console\\Seeds\\{closure}()
#11 C:\\xampp\\htdocs\\ProjetoBudega\\projetoBudega\\vendor\\laravel\\framework\\src\\Illuminate\\Database\\Console\\Seeds\\SeedCommand.php(64): Illuminate\\Database\\Eloquent\\Model::unguarded(Object(Closure))
#12 [internal function]: Illuminate\\Database\\Console\\Seeds\\SeedCommand->handle()
#13 C:\\xampp\\htdocs\\ProjetoBudega\\projetoBudega\\vendor\\laravel\\framework\\src\\Illuminate\\Container\\BoundMethod.php(32): call_user_func_array(Array, Array)
#14 C:\\xampp\\htdocs\\ProjetoBudega\\projetoBudega\\vendor\\laravel\\framework\\src\\Illuminate\\Support\\helpers.php(520): Illuminate\\Container\\BoundMethod::Illuminate\\Container\\{closure}()
#15 C:\\xampp\\htdocs\\ProjetoBudega\\projetoBudega\\vendor\\laravel\\framework\\src\\Illuminate\\Container\\BoundMethod.php(90): value(Object(Closure))
#16 C:\\xampp\\htdocs\\ProjetoBudega\\projetoBudega\\vendor\\laravel\\framework\\src\\Illuminate\\Container\\BoundMethod.php(34): Illuminate\\Container\\BoundMethod::callBoundMethod(Object(Illuminate\\Foundation\\Application), Array, Object(Closure))
#17 C:\\xampp\\htdocs\\ProjetoBudega\\projetoBudega\\vendor\\laravel\\framework\\src\\Illuminate\\Container\\Container.php(591): Illuminate\\Container\\BoundMethod::call(Object(Illuminate\\Foundation\\Application), Array, Array, NULL)
#18 C:\\xampp\\htdocs\\ProjetoBudega\\projetoBudega\\vendor\\laravel\\framework\\src\\Illuminate\\Console\\Command.php(202): Illuminate\\Container\\Container->call(Array)
#19 C:\\xampp\\htdocs\\ProjetoBudega\\projetoBudega\\vendor\\symfony\\console\\Command\\Command.php(255): Illuminate\\Console\\Command->execute(Object(Symfony\\Component\\Console\\Input\\ArgvInput), Object(Illuminate\\Console\\OutputStyle))
#20 C:\\xampp\\htdocs\\ProjetoBudega\\projetoBudega\\vendor\\laravel\\framework\\src\\Illuminate\\Console\\Command.php(189): Symfony\\Component\\Console\\Command\\Command->run(Object(Symfony\\Component\\Console\\Input\\ArgvInput), Object(Illuminate\\Console\\OutputStyle))
#21 C:\\xampp\\htdocs\\ProjetoBudega\\projetoBudega\\vendor\\symfony\\console\\Application.php(934): Illuminate\\Console\\Command->run(Object(Symfony\\Component\\Console\\Input\\ArgvInput), Object(Symfony\\Component\\Console\\Output\\ConsoleOutput))
#22 C:\\xampp\\htdocs\\ProjetoBudega\\projetoBudega\\vendor\\symfony\\console\\Application.php(273): Symfony\\Component\\Console\\Application->doRunCommand(Object(Illuminate\\Database\\Console\\Seeds\\SeedCommand), Object(Symfony\\Component\\Console\\Input\\ArgvInput), Object(Symfony\\Component\\Console\\Output\\ConsoleOutput))
#23 C:\\xampp\\htdocs\\ProjetoBudega\\projetoBudega\\vendor\\symfony\\console\\Application.php(149): Symfony\\Component\\Console\\Application->doRun(Object(Symfony\\Component\\Console\\Input\\ArgvInput), Object(Symfony\\Component\\Console\\Output\\ConsoleOutput))
#24 C:\\xampp\\htdocs\\ProjetoBudega\\projetoBudega\\vendor\\laravel\\framework\\src\\Illuminate\\Console\\Application.php(90): Symfony\\Component\\Console\\Application->run(Object(Symfony\\Component\\Console\\Input\\ArgvInput), Object(Symfony\\Component\\Console\\Output\\ConsoleOutput))
#25 C:\\xampp\\htdocs\\ProjetoBudega\\projetoBudega\\vendor\\laravel\\framework\\src\\Illuminate\\Foundation\\Console\\Kernel.php(131): Illuminate\\Console\\Application->run(Object(Symfony\\Component\\Console\\Input\\ArgvInput), Object(Symfony\\Component\\Console\\Output\\ConsoleOutput))
#26 C:\\xampp\\htdocs\\ProjetoBudega\\projetoBudega\\artisan(37): Illuminate\\Foundation\\Console\\Kernel->handle(Object(Symfony\\Component\\Console\\Input\\ArgvInput), Object(Symfony\\Component\\Console\\Output\\ConsoleOutput))
#27 {main}
"} 
[2019-11-11 22:40:43] local.ERROR: Class 'Databse' not found {"exception":"[object] (Symfony\\Component\\Debug\\Exception\\FatalThrowableError(code: 0): Class 'Databse' not found at C:\\xampp\\htdocs\\ProjetoBudega\\projetoBudega\\vendor\\laravel\\framework\\src\\Illuminate\\Database\\Eloquent\\FactoryBuilder.php:228)
[stacktrace]
#0 C:\\xampp\\htdocs\\ProjetoBudega\\projetoBudega\\vendor\\laravel\\framework\\src\\Illuminate\\Database\\Eloquent\\FactoryBuilder.php(178): Illuminate\\Database\\Eloquent\\FactoryBuilder->make(Array)
#1 C:\\xampp\\htdocs\\ProjetoBudega\\projetoBudega\\database\\seeds\\DatabaseSeeder.php(13): Illuminate\\Database\\Eloquent\\FactoryBuilder->create()
#2 [internal function]: DatabaseSeeder->run()
#3 C:\\xampp\\htdocs\\ProjetoBudega\\projetoBudega\\vendor\\laravel\\framework\\src\\Illuminate\\Container\\BoundMethod.php(32): call_user_func_array(Array, Array)
#4 C:\\xampp\\htdocs\\ProjetoBudega\\projetoBudega\\vendor\\laravel\\framework\\src\\Illuminate\\Support\\helpers.php(520): Illuminate\\Container\\BoundMethod::Illuminate\\Container\\{closure}()
#5 C:\\xampp\\htdocs\\ProjetoBudega\\projetoBudega\\vendor\\laravel\\framework\\src\\Illuminate\\Container\\BoundMethod.php(90): value(Object(Closure))
#6 C:\\xampp\\htdocs\\ProjetoBudega\\projetoBudega\\vendor\\laravel\\framework\\src\\Illuminate\\Container\\BoundMethod.php(34): Illuminate\\Container\\BoundMethod::callBoundMethod(Object(Illuminate\\Foundation\\Application), Array, Object(Closure))
#7 C:\\xampp\\htdocs\\ProjetoBudega\\projetoBudega\\vendor\\laravel\\framework\\src\\Illuminate\\Container\\Container.php(591): Illuminate\\Container\\BoundMethod::call(Object(Illuminate\\Foundation\\Application), Array, Array, NULL)
#8 C:\\xampp\\htdocs\\ProjetoBudega\\projetoBudega\\vendor\\laravel\\framework\\src\\Illuminate\\Database\\Seeder.php(134): Illuminate\\Container\\Container->call(Array)
#9 C:\\xampp\\htdocs\\ProjetoBudega\\projetoBudega\\vendor\\laravel\\framework\\src\\Illuminate\\Database\\Console\\Seeds\\SeedCommand.php(63): Illuminate\\Database\\Seeder->__invoke()
#10 C:\\xampp\\htdocs\\ProjetoBudega\\projetoBudega\\vendor\\laravel\\framework\\src\\Illuminate\\Database\\Eloquent\\Concerns\\GuardsAttributes.php(122): Illuminate\\Database\\Console\\Seeds\\SeedCommand->Illuminate\\Database\\Console\\Seeds\\{closure}()
#11 C:\\xampp\\htdocs\\ProjetoBudega\\projetoBudega\\vendor\\laravel\\framework\\src\\Illuminate\\Database\\Console\\Seeds\\SeedCommand.php(64): Illuminate\\Database\\Eloquent\\Model::unguarded(Object(Closure))
#12 [internal function]: Illuminate\\Database\\Console\\Seeds\\SeedCommand->handle()
#13 C:\\xampp\\htdocs\\ProjetoBudega\\projetoBudega\\vendor\\laravel\\framework\\src\\Illuminate\\Container\\BoundMethod.php(32): call_user_func_array(Array, Array)
#14 C:\\xampp\\htdocs\\ProjetoBudega\\projetoBudega\\vendor\\laravel\\framework\\src\\Illuminate\\Support\\helpers.php(520): Illuminate\\Container\\BoundMethod::Illuminate\\Container\\{closure}()
#15 C:\\xampp\\htdocs\\ProjetoBudega\\projetoBudega\\vendor\\laravel\\framework\\src\\Illuminate\\Container\\BoundMethod.php(90): value(Object(Closure))
#16 C:\\xampp\\htdocs\\ProjetoBudega\\projetoBudega\\vendor\\laravel\\framework\\src\\Illuminate\\Container\\BoundMethod.php(34): Illuminate\\Container\\BoundMethod::callBoundMethod(Object(Illuminate\\Foundation\\Application), Array, Object(Closure))
#17 C:\\xampp\\htdocs\\ProjetoBudega\\projetoBudega\\vendor\\laravel\\framework\\src\\Illuminate\\Container\\Container.php(591): Illuminate\\Container\\BoundMethod::call(Object(Illuminate\\Foundation\\Application), Array, Array, NULL)
#18 C:\\xampp\\htdocs\\ProjetoBudega\\projetoBudega\\vendor\\laravel\\framework\\src\\Illuminate\\Console\\Command.php(202): Illuminate\\Container\\Container->call(Array)
#19 C:\\xampp\\htdocs\\ProjetoBudega\\projetoBudega\\vendor\\symfony\\console\\Command\\Command.php(255): Illuminate\\Console\\Command->execute(Object(Symfony\\Component\\Console\\Input\\ArgvInput), Object(Illuminate\\Console\\OutputStyle))
#20 C:\\xampp\\htdocs\\ProjetoBudega\\projetoBudega\\vendor\\laravel\\framework\\src\\Illuminate\\Console\\Command.php(189): Symfony\\Component\\Console\\Command\\Command->run(Object(Symfony\\Component\\Console\\Input\\ArgvInput), Object(Illuminate\\Console\\OutputStyle))
#21 C:\\xampp\\htdocs\\ProjetoBudega\\projetoBudega\\vendor\\symfony\\console\\Application.php(934): Illuminate\\Console\\Command->run(Object(Symfony\\Component\\Console\\Input\\ArgvInput), Object(Symfony\\Component\\Console\\Output\\ConsoleOutput))
#22 C:\\xampp\\htdocs\\ProjetoBudega\\projetoBudega\\vendor\\symfony\\console\\Application.php(273): Symfony\\Component\\Console\\Application->doRunCommand(Object(Illuminate\\Database\\Console\\Seeds\\SeedCommand), Object(Symfony\\Component\\Console\\Input\\ArgvInput), Object(Symfony\\Component\\Console\\Output\\ConsoleOutput))
#23 C:\\xampp\\htdocs\\ProjetoBudega\\projetoBudega\\vendor\\symfony\\console\\Application.php(149): Symfony\\Component\\Console\\Application->doRun(Object(Symfony\\Component\\Console\\Input\\ArgvInput), Object(Symfony\\Component\\Console\\Output\\ConsoleOutput))
#24 C:\\xampp\\htdocs\\ProjetoBudega\\projetoBudega\\vendor\\laravel\\framework\\src\\Illuminate\\Console\\Application.php(90): Symfony\\Component\\Console\\Application->run(Object(Symfony\\Component\\Console\\Input\\ArgvInput), Object(Symfony\\Component\\Console\\Output\\ConsoleOutput))
#25 C:\\xampp\\htdocs\\ProjetoBudega\\projetoBudega\\vendor\\laravel\\framework\\src\\Illuminate\\Foundation\\Console\\Kernel.php(131): Illuminate\\Console\\Application->run(Object(Symfony\\Component\\Console\\Input\\ArgvInput), Object(Symfony\\Component\\Console\\Output\\ConsoleOutput))
#26 C:\\xampp\\htdocs\\ProjetoBudega\\projetoBudega\\artisan(37): Illuminate\\Foundation\\Console\\Kernel->handle(Object(Symfony\\Component\\Console\\Input\\ArgvInput), Object(Symfony\\Component\\Console\\Output\\ConsoleOutput))
#27 {main}
"} 
[2019-11-11 23:52:24] local.ERROR: A four digit year could not be found
Data missing {"exception":"[object] (InvalidArgumentException(code: 0): A four digit year could not be found
Data missing at C:\\xampp\\htdocs\\ProjetoBudega\\projetoBudega\\vendor\
esbot\\carbon\\src\\Carbon\\Traits\\Creator.php:581)
[stacktrace]
#0 C:\\xampp\\htdocs\\ProjetoBudega\\projetoBudega\\vendor\
esbot\\carbon\\src\\Carbon\\Traits\\Creator.php(603): Carbon\\Carbon::rawCreateFromFormat('Y-m-d H:i:s', 'Alex', NULL)
#1 C:\\xampp\\htdocs\\ProjetoBudega\\projetoBudega\\vendor\\laravel\\framework\\src\\Illuminate\\Support\\DateFactory.php(216): Carbon\\Carbon::createFromFormat('Y-m-d H:i:s', 'Alex')
#2 C:\\xampp\\htdocs\\ProjetoBudega\\projetoBudega\\vendor\\laravel\\framework\\src\\Illuminate\\Support\\Facades\\Facade.php(239): Illuminate\\Support\\DateFactory->__call('createFromForma...', Array)
#3 C:\\xampp\\htdocs\\ProjetoBudega\\projetoBudega\\vendor\\laravel\\framework\\src\\Illuminate\\Database\\Eloquent\\Concerns\\HasAttributes.php(813): Illuminate\\Support\\Facades\\Facade::__callStatic('createFromForma...', Array)
#4 C:\\xampp\\htdocs\\ProjetoBudega\\projetoBudega\\vendor\\laravel\\framework\\src\\Illuminate\\Database\\Eloquent\\Concerns\\HasAttributes.php(131): Illuminate\\Database\\Eloquent\\Model->asDateTime('Alex')
#5 C:\\xampp\\htdocs\\ProjetoBudega\\projetoBudega\\vendor\\laravel\\framework\\src\\Illuminate\\Database\\Eloquent\\Concerns\\HasAttributes.php(93): Illuminate\\Database\\Eloquent\\Model->addDateAttributesToArray(Array)
#6 C:\\xampp\\htdocs\\ProjetoBudega\\projetoBudega\\vendor\\laravel\\framework\\src\\Illuminate\\Database\\Eloquent\\Model.php(1088): Illuminate\\Database\\Eloquent\\Model->attributesToArray()
#7 C:\\xampp\\htdocs\\ProjetoBudega\\projetoBudega\\vendor\\laravel\\framework\\src\\Illuminate\\Support\\Traits\\EnumeratesValues.php(696): Illuminate\\Database\\Eloquent\\Model->toArray()
#8 [internal function]: Illuminate\\Support\\Collection->Illuminate\\Support\\Traits\\{closure}(Object(App\\Client), 0)
#9 C:\\xampp\\htdocs\\ProjetoBudega\\projetoBudega\\vendor\\laravel\\framework\\src\\Illuminate\\Support\\Collection.php(638): array_map(Object(Closure), Array, Array)
#10 C:\\xampp\\htdocs\\ProjetoBudega\\projetoBudega\\vendor\\laravel\\framework\\src\\Illuminate\\Database\\Eloquent\\Collection.php(254): Illuminate\\Support\\Collection->map(Object(Closure))
#11 C:\\xampp\\htdocs\\ProjetoBudega\\projetoBudega\\vendor\\laravel\\framework\\src\\Illuminate\\Support\\Traits\\EnumeratesValues.php(697): Illuminate\\Database\\Eloquent\\Collection->map(Object(Closure))
#12 C:\\xampp\\htdocs\\ProjetoBudega\\projetoBudega\\vendor\\laravel\\framework\\src\\Illuminate\\Pagination\\LengthAwarePaginator.php(166): Illuminate\\Support\\Collection->toArray()
#13 C:\\xampp\\htdocs\\ProjetoBudega\\projetoBudega\\vendor\\laravel\\framework\\src\\Illuminate\\Pagination\\LengthAwarePaginator.php(187): Illuminate\\Pagination\\LengthAwarePaginator->toArray()
#14 C:\\xampp\\htdocs\\ProjetoBudega\\projetoBudega\\vendor\\laravel\\framework\\src\\Illuminate\\Pagination\\LengthAwarePaginator.php(198): Illuminate\\Pagination\\LengthAwarePaginator->jsonSerialize()
#15 C:\\xampp\\htdocs\\ProjetoBudega\\projetoBudega\\vendor\\laravel\\framework\\src\\Illuminate\\Http\\JsonResponse.php(65): Illuminate\\Pagination\\LengthAwarePaginator->toJson(0)
#16 C:\\xampp\\htdocs\\ProjetoBudega\\projetoBudega\\vendor\\symfony\\http-foundation\\JsonResponse.php(50): Illuminate\\Http\\JsonResponse->setData(Object(Illuminate\\Pagination\\LengthAwarePaginator))
#17 C:\\xampp\\htdocs\\ProjetoBudega\\projetoBudega\\vendor\\laravel\\framework\\src\\Illuminate\\Http\\JsonResponse.php(31): Symfony\\Component\\HttpFoundation\\JsonResponse->__construct(Object(Illuminate\\Pagination\\LengthAwarePaginator), 200, Array)
#18 C:\\xampp\\htdocs\\ProjetoBudega\\projetoBudega\\vendor\\laravel\\framework\\src\\Illuminate\\Routing\\ResponseFactory.php(95): Illuminate\\Http\\JsonResponse->__construct(Object(Illuminate\\Pagination\\LengthAwarePaginator), 200, Array, 0)
#19 C:\\xampp\\htdocs\\ProjetoBudega\\projetoBudega\\app\\Http\\Controllers\\Api\\ClientController.php(19): Illuminate\\Routing\\ResponseFactory->json(Object(Illuminate\\Pagination\\LengthAwarePaginator))
#20 [internal function]: App\\Http\\Controllers\\Api\\ClientController->index()
#21 C:\\xampp\\htdocs\\ProjetoBudega\\projetoBudega\\vendor\\laravel\\framework\\src\\Illuminate\\Routing\\Controller.php(54): call_user_func_array(Array, Array)
#22 C:\\xampp\\htdocs\\ProjetoBudega\\projetoBudega\\vendor\\laravel\\framework\\src\\Illuminate\\Routing\\ControllerDispatcher.php(45): Illuminate\\Routing\\Controller->callAction('index', Array)
#23 C:\\xampp\\htdocs\\ProjetoBudega\\projetoBudega\\vendor\\laravel\\framework\\src\\Illuminate\\Routing\\Route.php(219): Illuminate\\Routing\\ControllerDispatcher->dispatch(Object(Illuminate\\Routing\\Route), Object(App\\Http\\Controllers\\Api\\ClientController), 'index')
#24 C:\\xampp\\htdocs\\ProjetoBudega\\projetoBudega\\vendor\\laravel\\framework\\src\\Illuminate\\Routing\\Route.php(176): Illuminate\\Routing\\Route->runController()
#25 C:\\xampp\\htdocs\\ProjetoBudega\\projetoBudega\\vendor\\laravel\\framework\\src\\Illuminate\\Routing\\Router.php(680): Illuminate\\Routing\\Route->run()
#26 C:\\xampp\\htdocs\\ProjetoBudega\\projetoBudega\\vendor\\laravel\\framework\\src\\Illuminate\\Pipeline\\Pipeline.php(130): Illuminate\\Routing\\Router->Illuminate\\Routing\\{closure}(Object(Illuminate\\Http\\Request))
#27 C:\\xampp\\htdocs\\ProjetoBudega\\projetoBudega\\vendor\\laravel\\framework\\src\\Illuminate\\Routing\\Middleware\\SubstituteBindings.php(41): Illuminate\\Pipeline\\Pipeline->Illuminate\\Pipeline\\{closure}(Object(Illuminate\\Http\\Request))
#28 C:\\xampp\\htdocs\\ProjetoBudega\\projetoBudega\\vendor\\laravel\\framework\\src\\Illuminate\\Pipeline\\Pipeline.php(171): Illuminate\\Routing\\Middleware\\SubstituteBindings->handle(Object(Illuminate\\Http\\Request), Object(Closure))
#29 C:\\xampp\\htdocs\\ProjetoBudega\\projetoBudega\\vendor\\laravel\\framework\\src\\Illuminate\\Routing\\Middleware\\ThrottleRequests.php(59): Illuminate\\Pipeline\\Pipeline->Illuminate\\Pipeline\\{closure}(Object(Illuminate\\Http\\Request))
#30 C:\\xampp\\htdocs\\ProjetoBudega\\projetoBudega\\vendor\\laravel\\framework\\src\\Illuminate\\Pipeline\\Pipeline.php(171): Illuminate\\Routing\\Middleware\\ThrottleRequests->handle(Object(Illuminate\\Http\\Request), Object(Closure), 60, '1')
#31 C:\\xampp\\htdocs\\ProjetoBudega\\projetoBudega\\vendor\\laravel\\framework\\src\\Illuminate\\Pipeline\\Pipeline.php(105): Illuminate\\Pipeline\\Pipeline->Illuminate\\Pipeline\\{closure}(Object(Illuminate\\Http\\Request))
#32 C:\\xampp\\htdocs\\ProjetoBudega\\projetoBudega\\vendor\\laravel\\framework\\src\\Illuminate\\Routing\\Router.php(682): Illuminate\\Pipeline\\Pipeline->then(Object(Closure))
#33 C:\\xampp\\htdocs\\ProjetoBudega\\projetoBudega\\vendor\\laravel\\framework\\src\\Illuminate\\Routing\\Router.php(657): Illuminate\\Routing\\Router->runRouteWithinStack(Object(Illuminate\\Routing\\Route), Object(Illuminate\\Http\\Request))
#34 C:\\xampp\\htdocs\\ProjetoBudega\\projetoBudega\\vendor\\laravel\\framework\\src\\Illuminate\\Routing\\Router.php(623): Illuminate\\Routing\\Router->runRoute(Object(Illuminate\\Http\\Request), Object(Illuminate\\Routing\\Route))
#35 C:\\xampp\\htdocs\\ProjetoBudega\\projetoBudega\\vendor\\laravel\\framework\\src\\Illuminate\\Routing\\Router.php(612): Illuminate\\Routing\\Router->dispatchToRoute(Object(Illuminate\\Http\\Request))
#36 C:\\xampp\\htdocs\\ProjetoBudega\\projetoBudega\\vendor\\laravel\\framework\\src\\Illuminate\\Foundation\\Http\\Kernel.php(176): Illuminate\\Routing\\Router->dispatch(Object(Illuminate\\Http\\Request))
#37 C:\\xampp\\htdocs\\ProjetoBudega\\projetoBudega\\vendor\\laravel\\framework\\src\\Illuminate\\Pipeline\\Pipeline.php(130): Illuminate\\Foundation\\Http\\Kernel->Illuminate\\Foundation\\Http\\{closure}(Object(Illuminate\\Http\\Request))
#38 C:\\xampp\\htdocs\\ProjetoBudega\\projetoBudega\\vendor\\laravel\\framework\\src\\Illuminate\\Foundation\\Http\\Middleware\\TransformsRequest.php(21): Illuminate\\Pipeline\\Pipeline->Illuminate\\Pipeline\\{closure}(Object(Illuminate\\Http\\Request))
#39 C:\\xampp\\htdocs\\ProjetoBudega\\projetoBudega\\vendor\\laravel\\framework\\src\\Illuminate\\Pipeline\\Pipeline.php(171): Illuminate\\Foundation\\Http\\Middleware\\TransformsRequest->handle(Object(Illuminate\\Http\\Request), Object(Closure))
#40 C:\\xampp\\htdocs\\ProjetoBudega\\projetoBudega\\vendor\\laravel\\framework\\src\\Illuminate\\Foundation\\Http\\Middleware\\TransformsRequest.php(21): Illuminate\\Pipeline\\Pipeline->Illuminate\\Pipeline\\{closure}(Object(Illuminate\\Http\\Request))
#41 C:\\xampp\\htdocs\\ProjetoBudega\\projetoBudega\\vendor\\laravel\\framework\\src\\Illuminate\\Pipeline\\Pipeline.php(171): Illuminate\\Foundation\\Http\\Middleware\\TransformsRequest->handle(Object(Illuminate\\Http\\Request), Object(Closure))
#42 C:\\xampp\\htdocs\\ProjetoBudega\\projetoBudega\\vendor\\laravel\\framework\\src\\Illuminate\\Foundation\\Http\\Middleware\\ValidatePostSize.php(27): Illuminate\\Pipeline\\Pipeline->Illuminate\\Pipeline\\{closure}(Object(Illuminate\\Http\\Request))
#43 C:\\xampp\\htdocs\\ProjetoBudega\\projetoBudega\\vendor\\laravel\\framework\\src\\Illuminate\\Pipeline\\Pipeline.php(171): Illuminate\\Foundation\\Http\\Middleware\\ValidatePostSize->handle(Object(Illuminate\\Http\\Request), Object(Closure))
#44 C:\\xampp\\htdocs\\ProjetoBudega\\projetoBudega\\vendor\\laravel\\framework\\src\\Illuminate\\Foundation\\Http\\Middleware\\CheckForMaintenanceMode.php(62): Illuminate\\Pipeline\\Pipeline->Illuminate\\Pipeline\\{closure}(Object(Illuminate\\Http\\Request))
#45 C:\\xampp\\htdocs\\ProjetoBudega\\projetoBudega\\vendor\\laravel\\framework\\src\\Illuminate\\Pipeline\\Pipeline.php(171): Illuminate\\Foundation\\Http\\Middleware\\CheckForMaintenanceMode->handle(Object(Illuminate\\Http\\Request), Object(Closure))
#46 C:\\xampp\\htdocs\\ProjetoBudega\\projetoBudega\\vendor\\fideloper\\proxy\\src\\TrustProxies.php(57): Illuminate\\Pipeline\\Pipeline->Illuminate\\Pipeline\\{closure}(Object(Illuminate\\Http\\Request))
#47 C:\\xampp\\htdocs\\ProjetoBudega\\projetoBudega\\vendor\\laravel\\framework\\src\\Illuminate\\Pipeline\\Pipeline.php(171): Fideloper\\Proxy\\TrustProxies->handle(Object(Illuminate\\Http\\Request), Object(Closure))
#48 C:\\xampp\\htdocs\\ProjetoBudega\\projetoBudega\\vendor\\laravel\\framework\\src\\Illuminate\\Pipeline\\Pipeline.php(105): Illuminate\\Pipeline\\Pipeline->Illuminate\\Pipeline\\{closure}(Object(Illuminate\\Http\\Request))
#49 C:\\xampp\\htdocs\\ProjetoBudega\\projetoBudega\\vendor\\laravel\\framework\\src\\Illuminate\\Foundation\\Http\\Kernel.php(151): Illuminate\\Pipeline\\Pipeline->then(Object(Closure))
#50 C:\\xampp\\htdocs\\ProjetoBudega\\projetoBudega\\vendor\\laravel\\framework\\src\\Illuminate\\Foundation\\Http\\Kernel.php(116): Illuminate\\Foundation\\Http\\Kernel->sendRequestThroughRouter(Object(Illuminate\\Http\\Request))
#51 C:\\xampp\\htdocs\\ProjetoBudega\\projetoBudega\\public\\index.php(55): Illuminate\\Foundation\\Http\\Kernel->handle(Object(Illuminate\\Http\\Request))
#52 C:\\xampp\\htdocs\\ProjetoBudega\\projetoBudega\\server.php(21): require_once('C:\\\\xampp\\\\htdocs...')
#53 {main}
"} 
